[2025-12-12T13:56:38.533+0000] {local_task_job_runner.py:120} INFO - ::group::Pre task execution logs
[2025-12-12T13:56:38.624+0000] {taskinstance.py:2076} INFO - Dependencies all met for dep_context=non-requeueable deps ti=<TaskInstance: mobility_pipeline.extract_weather manual__2025-12-12T12:56:15.015198+00:00 [queued]>
[2025-12-12T13:56:38.671+0000] {taskinstance.py:2076} INFO - Dependencies all met for dep_context=requeueable deps ti=<TaskInstance: mobility_pipeline.extract_weather manual__2025-12-12T12:56:15.015198+00:00 [queued]>
[2025-12-12T13:56:38.706+0000] {taskinstance.py:2306} INFO - Starting attempt 1 of 1
[2025-12-12T13:56:38.727+0000] {taskinstance.py:2330} INFO - Executing <Task(PythonOperator): extract_weather> on 2025-12-12 12:56:15.015198+00:00
[2025-12-12T13:56:38.761+0000] {logging_mixin.py:188} WARNING - /home/***/.local/lib/python3.12/site-packages/***/task/task_runner/standard_task_runner.py:61 DeprecationWarning: This process (pid=190) is multi-threaded, use of fork() may lead to deadlocks in the child.
[2025-12-12T13:56:38.756+0000] {standard_task_runner.py:90} INFO - Running: ['***', 'tasks', 'run', 'mobility_pipeline', 'extract_weather', 'manual__2025-12-12T12:56:15.015198+00:00', '--job-id', '60', '--raw', '--subdir', 'DAGS_FOLDER/mobility_pipeline_dag.py', '--cfg-path', '/tmp/tmpskfgn2ej']
[2025-12-12T13:56:38.762+0000] {standard_task_runner.py:63} INFO - Started process 192 to run task
[2025-12-12T13:56:38.763+0000] {standard_task_runner.py:91} INFO - Job 60: Subtask extract_weather
[2025-12-12T13:56:39.287+0000] {task_command.py:426} INFO - Running <TaskInstance: mobility_pipeline.extract_weather manual__2025-12-12T12:56:15.015198+00:00 [running]> on host cf3c8a0617d2
[2025-12-12T13:56:39.708+0000] {taskinstance.py:2648} INFO - Exporting env vars: AIRFLOW_CTX_DAG_OWNER='***' AIRFLOW_CTX_DAG_ID='mobility_pipeline' AIRFLOW_CTX_TASK_ID='extract_weather' AIRFLOW_CTX_EXECUTION_DATE='2025-12-12T12:56:15.015198+00:00' AIRFLOW_CTX_TRY_NUMBER='1' AIRFLOW_CTX_DAG_RUN_ID='manual__2025-12-12T12:56:15.015198+00:00'
[2025-12-12T13:56:39.710+0000] {taskinstance.py:430} INFO - ::endgroup::
[2025-12-12T13:56:39.743+0000] {logging_mixin.py:188} INFO - Llamando a API de Open-Meteo: https://api.open-meteo.com/v1/forecast?latitude=43.26&longitude=-2.93&hourly=temperature_2m,precipitation,wind_speed_10m&timezone=auto
[2025-12-12T13:56:48.825+0000] {taskinstance.py:441} INFO - ::group::Post task execution logs
[2025-12-12T13:56:48.846+0000] {taskinstance.py:2905} ERROR - Task failed with exception
Traceback (most recent call last):
  File "/home/airflow/.local/lib/python3.12/site-packages/urllib3/connection.py", line 198, in _new_conn
    sock = connection.create_connection(
           ^^^^^^^^^^^^^^^^^^^^^^^^^^^^^
  File "/home/airflow/.local/lib/python3.12/site-packages/urllib3/util/connection.py", line 60, in create_connection
    for res in socket.getaddrinfo(host, port, family, socket.SOCK_STREAM):
               ^^^^^^^^^^^^^^^^^^^^^^^^^^^^^^^^^^^^^^^^^^^^^^^^^^^^^^^^^^
  File "/usr/local/lib/python3.12/socket.py", line 963, in getaddrinfo
    for res in _socket.getaddrinfo(host, port, family, type, proto, flags):
               ^^^^^^^^^^^^^^^^^^^^^^^^^^^^^^^^^^^^^^^^^^^^^^^^^^^^^^^^^^^
socket.gaierror: [Errno -3] Temporary failure in name resolution

The above exception was the direct cause of the following exception:

Traceback (most recent call last):
  File "/home/airflow/.local/lib/python3.12/site-packages/urllib3/connectionpool.py", line 793, in urlopen
    response = self._make_request(
               ^^^^^^^^^^^^^^^^^^^
  File "/home/airflow/.local/lib/python3.12/site-packages/urllib3/connectionpool.py", line 491, in _make_request
    raise new_e
  File "/home/airflow/.local/lib/python3.12/site-packages/urllib3/connectionpool.py", line 467, in _make_request
    self._validate_conn(conn)
  File "/home/airflow/.local/lib/python3.12/site-packages/urllib3/connectionpool.py", line 1099, in _validate_conn
    conn.connect()
  File "/home/airflow/.local/lib/python3.12/site-packages/urllib3/connection.py", line 616, in connect
    self.sock = sock = self._new_conn()
                       ^^^^^^^^^^^^^^^^
  File "/home/airflow/.local/lib/python3.12/site-packages/urllib3/connection.py", line 205, in _new_conn
    raise NameResolutionError(self.host, self, e) from e
urllib3.exceptions.NameResolutionError: <urllib3.connection.HTTPSConnection object at 0x7244ae4cbcb0>: Failed to resolve 'api.open-meteo.com' ([Errno -3] Temporary failure in name resolution)

The above exception was the direct cause of the following exception:

Traceback (most recent call last):
  File "/home/airflow/.local/lib/python3.12/site-packages/requests/adapters.py", line 486, in send
    resp = conn.urlopen(
           ^^^^^^^^^^^^^
  File "/home/airflow/.local/lib/python3.12/site-packages/urllib3/connectionpool.py", line 847, in urlopen
    retries = retries.increment(
              ^^^^^^^^^^^^^^^^^^
  File "/home/airflow/.local/lib/python3.12/site-packages/urllib3/util/retry.py", line 515, in increment
    raise MaxRetryError(_pool, url, reason) from reason  # type: ignore[arg-type]
    ^^^^^^^^^^^^^^^^^^^^^^^^^^^^^^^^^^^^^^^^^^^^^^^^^^^
urllib3.exceptions.MaxRetryError: HTTPSConnectionPool(host='api.open-meteo.com', port=443): Max retries exceeded with url: /v1/forecast?latitude=43.26&longitude=-2.93&hourly=temperature_2m,precipitation,wind_speed_10m&timezone=auto (Caused by NameResolutionError("<urllib3.connection.HTTPSConnection object at 0x7244ae4cbcb0>: Failed to resolve 'api.open-meteo.com' ([Errno -3] Temporary failure in name resolution)"))

During handling of the above exception, another exception occurred:

Traceback (most recent call last):
  File "/home/airflow/.local/lib/python3.12/site-packages/airflow/models/taskinstance.py", line 465, in _execute_task
    result = _execute_callable(context=context, **execute_callable_kwargs)
             ^^^^^^^^^^^^^^^^^^^^^^^^^^^^^^^^^^^^^^^^^^^^^^^^^^^^^^^^^^^^^
  File "/home/airflow/.local/lib/python3.12/site-packages/airflow/models/taskinstance.py", line 432, in _execute_callable
    return execute_callable(context=context, **execute_callable_kwargs)
           ^^^^^^^^^^^^^^^^^^^^^^^^^^^^^^^^^^^^^^^^^^^^^^^^^^^^^^^^^^^^
  File "/home/airflow/.local/lib/python3.12/site-packages/airflow/models/baseoperator.py", line 400, in wrapper
    return func(self, *args, **kwargs)
           ^^^^^^^^^^^^^^^^^^^^^^^^^^^
  File "/home/airflow/.local/lib/python3.12/site-packages/airflow/operators/python.py", line 235, in execute
    return_value = self.execute_callable()
                   ^^^^^^^^^^^^^^^^^^^^^^^
  File "/home/airflow/.local/lib/python3.12/site-packages/airflow/operators/python.py", line 252, in execute_callable
    return self.python_callable(*self.op_args, **self.op_kwargs)
           ^^^^^^^^^^^^^^^^^^^^^^^^^^^^^^^^^^^^^^^^^^^^^^^^^^^^^
  File "/opt/airflow/src/generate_weather.py", line 24, in generate_weather
    resp = requests.get(url, timeout=15)
           ^^^^^^^^^^^^^^^^^^^^^^^^^^^^^
  File "/home/airflow/.local/lib/python3.12/site-packages/requests/api.py", line 73, in get
    return request("get", url, params=params, **kwargs)
           ^^^^^^^^^^^^^^^^^^^^^^^^^^^^^^^^^^^^^^^^^^^^
  File "/home/airflow/.local/lib/python3.12/site-packages/requests/api.py", line 59, in request
    return session.request(method=method, url=url, **kwargs)
           ^^^^^^^^^^^^^^^^^^^^^^^^^^^^^^^^^^^^^^^^^^^^^^^^^
  File "/home/airflow/.local/lib/python3.12/site-packages/requests/sessions.py", line 589, in request
    resp = self.send(prep, **send_kwargs)
           ^^^^^^^^^^^^^^^^^^^^^^^^^^^^^^
  File "/home/airflow/.local/lib/python3.12/site-packages/requests/sessions.py", line 703, in send
    r = adapter.send(request, **kwargs)
        ^^^^^^^^^^^^^^^^^^^^^^^^^^^^^^^
  File "/home/airflow/.local/lib/python3.12/site-packages/requests/adapters.py", line 519, in send
    raise ConnectionError(e, request=request)
requests.exceptions.ConnectionError: HTTPSConnectionPool(host='api.open-meteo.com', port=443): Max retries exceeded with url: /v1/forecast?latitude=43.26&longitude=-2.93&hourly=temperature_2m,precipitation,wind_speed_10m&timezone=auto (Caused by NameResolutionError("<urllib3.connection.HTTPSConnection object at 0x7244ae4cbcb0>: Failed to resolve 'api.open-meteo.com' ([Errno -3] Temporary failure in name resolution)"))
[2025-12-12T13:56:49.791+0000] {taskinstance.py:1206} INFO - Marking task as FAILED. dag_id=mobility_pipeline, task_id=extract_weather, run_id=manual__2025-12-12T12:56:15.015198+00:00, execution_date=20251212T125615, start_date=20251212T135638, end_date=20251212T135649
[2025-12-12T13:56:49.918+0000] {standard_task_runner.py:110} ERROR - Failed to execute job 60 for task extract_weather (HTTPSConnectionPool(host='api.open-meteo.com', port=443): Max retries exceeded with url: /v1/forecast?latitude=43.26&longitude=-2.93&hourly=temperature_2m,precipitation,wind_speed_10m&timezone=auto (Caused by NameResolutionError("<urllib3.connection.HTTPSConnection object at 0x7244ae4cbcb0>: Failed to resolve 'api.open-meteo.com' ([Errno -3] Temporary failure in name resolution)")); 192)
[2025-12-12T13:56:49.929+0000] {local_task_job_runner.py:240} INFO - Task exited with return code 1
[2025-12-12T13:56:49.958+0000] {taskinstance.py:3498} INFO - 0 downstream tasks scheduled from follow-on schedule check
[2025-12-12T13:56:49.963+0000] {local_task_job_runner.py:222} INFO - ::endgroup::
