[2025-12-11T10:15:48.721+0000] {local_task_job_runner.py:120} INFO - ::group::Pre task execution logs
[2025-12-11T10:15:48.760+0000] {taskinstance.py:2076} INFO - Dependencies all met for dep_context=non-requeueable deps ti=<TaskInstance: mobility_pipeline.create_tables_dw manual__2025-12-11T10:15:46.854976+00:00 [queued]>
[2025-12-11T10:15:48.773+0000] {taskinstance.py:2076} INFO - Dependencies all met for dep_context=requeueable deps ti=<TaskInstance: mobility_pipeline.create_tables_dw manual__2025-12-11T10:15:46.854976+00:00 [queued]>
[2025-12-11T10:15:48.775+0000] {taskinstance.py:2306} INFO - Starting attempt 1 of 1
[2025-12-11T10:15:48.791+0000] {taskinstance.py:2330} INFO - Executing <Task(PostgresOperator): create_tables_dw> on 2025-12-11 10:15:46.854976+00:00
[2025-12-11T10:15:48.801+0000] {standard_task_runner.py:90} INFO - Running: ['***', 'tasks', 'run', 'mobility_pipeline', 'create_tables_dw', 'manual__2025-12-11T10:15:46.854976+00:00', '--job-id', '5', '--raw', '--subdir', 'DAGS_FOLDER/mobility_pipeline_dag.py', '--cfg-path', '/tmp/tmpgv6l5k6t']
[2025-12-11T10:15:48.805+0000] {standard_task_runner.py:91} INFO - Job 5: Subtask create_tables_dw
[2025-12-11T10:15:48.806+0000] {logging_mixin.py:188} WARNING - /home/***/.local/lib/python3.12/site-packages/***/task/task_runner/standard_task_runner.py:61 DeprecationWarning: This process (pid=214) is multi-threaded, use of fork() may lead to deadlocks in the child.
[2025-12-11T10:15:48.807+0000] {standard_task_runner.py:63} INFO - Started process 215 to run task
[2025-12-11T10:15:46.590+0000] {task_command.py:426} INFO - Running <TaskInstance: mobility_pipeline.create_tables_dw manual__2025-12-11T10:15:46.854976+00:00 [running]> on host 4acffba40cea
[2025-12-11T10:15:46.662+0000] {abstractoperator.py:725} ERROR - Exception rendering Jinja template for task 'create_tables_dw', field 'sql'. Template: '/opt/***/sql/create_tables_dw.sql'
Traceback (most recent call last):
  File "/home/airflow/.local/lib/python3.12/site-packages/airflow/models/abstractoperator.py", line 717, in _do_render_template_fields
    rendered_content = self.render_template(
                       ^^^^^^^^^^^^^^^^^^^^^
  File "/home/airflow/.local/lib/python3.12/site-packages/airflow/template/templater.py", line 166, in render_template
    template = jinja_env.get_template(value)
               ^^^^^^^^^^^^^^^^^^^^^^^^^^^^^
  File "/home/airflow/.local/lib/python3.12/site-packages/jinja2/environment.py", line 1010, in get_template
    return self._load_template(name, globals)
           ^^^^^^^^^^^^^^^^^^^^^^^^^^^^^^^^^^
  File "/home/airflow/.local/lib/python3.12/site-packages/jinja2/environment.py", line 969, in _load_template
    template = self.loader.load(self, name, self.make_globals(globals))
               ^^^^^^^^^^^^^^^^^^^^^^^^^^^^^^^^^^^^^^^^^^^^^^^^^^^^^^^^
  File "/home/airflow/.local/lib/python3.12/site-packages/jinja2/loaders.py", line 125, in load
    source, filename, uptodate = self.get_source(environment, name)
                                 ^^^^^^^^^^^^^^^^^^^^^^^^^^^^^^^^^^
  File "/home/airflow/.local/lib/python3.12/site-packages/jinja2/loaders.py", line 204, in get_source
    raise TemplateNotFound(template)
jinja2.exceptions.TemplateNotFound: /opt/airflow/sql/create_tables_dw.sql
[2025-12-11T10:15:46.678+0000] {taskinstance.py:2905} ERROR - Task failed with exception
Traceback (most recent call last):
  File "/home/airflow/.local/lib/python3.12/site-packages/airflow/models/taskinstance.py", line 2479, in _run_raw_task
    self._execute_task_with_callbacks(context, test_mode, session=session)
  File "/home/airflow/.local/lib/python3.12/site-packages/airflow/models/taskinstance.py", line 2633, in _execute_task_with_callbacks
    task_orig = self.render_templates(context=context, jinja_env=jinja_env)
                ^^^^^^^^^^^^^^^^^^^^^^^^^^^^^^^^^^^^^^^^^^^^^^^^^^^^^^^^^^^
  File "/home/airflow/.local/lib/python3.12/site-packages/airflow/models/taskinstance.py", line 3094, in render_templates
    original_task.render_template_fields(context, jinja_env)
  File "/home/airflow/.local/lib/python3.12/site-packages/airflow/models/baseoperator.py", line 1336, in render_template_fields
    self._do_render_template_fields(self, self.template_fields, context, jinja_env, set())
  File "/home/airflow/.local/lib/python3.12/site-packages/airflow/models/abstractoperator.py", line 717, in _do_render_template_fields
    rendered_content = self.render_template(
                       ^^^^^^^^^^^^^^^^^^^^^
  File "/home/airflow/.local/lib/python3.12/site-packages/airflow/template/templater.py", line 166, in render_template
    template = jinja_env.get_template(value)
               ^^^^^^^^^^^^^^^^^^^^^^^^^^^^^
  File "/home/airflow/.local/lib/python3.12/site-packages/jinja2/environment.py", line 1010, in get_template
    return self._load_template(name, globals)
           ^^^^^^^^^^^^^^^^^^^^^^^^^^^^^^^^^^
  File "/home/airflow/.local/lib/python3.12/site-packages/jinja2/environment.py", line 969, in _load_template
    template = self.loader.load(self, name, self.make_globals(globals))
               ^^^^^^^^^^^^^^^^^^^^^^^^^^^^^^^^^^^^^^^^^^^^^^^^^^^^^^^^
  File "/home/airflow/.local/lib/python3.12/site-packages/jinja2/loaders.py", line 125, in load
    source, filename, uptodate = self.get_source(environment, name)
                                 ^^^^^^^^^^^^^^^^^^^^^^^^^^^^^^^^^^
  File "/home/airflow/.local/lib/python3.12/site-packages/jinja2/loaders.py", line 204, in get_source
    raise TemplateNotFound(template)
jinja2.exceptions.TemplateNotFound: /opt/airflow/sql/create_tables_dw.sql
[2025-12-11T10:15:46.717+0000] {taskinstance.py:1206} INFO - Marking task as FAILED. dag_id=mobility_pipeline, task_id=create_tables_dw, run_id=manual__2025-12-11T10:15:46.854976+00:00, execution_date=20251211T101546, start_date=20251211T101548, end_date=20251211T101546
[2025-12-11T10:15:46.855+0000] {standard_task_runner.py:110} ERROR - Failed to execute job 5 for task create_tables_dw (/opt/airflow/sql/create_tables_dw.sql; 215)
[2025-12-11T10:15:46.897+0000] {local_task_job_runner.py:240} INFO - Task exited with return code 1
[2025-12-11T10:15:46.912+0000] {logging_mixin.py:188} WARNING - /home/***/.local/lib/python3.12/site-packages/***/models/baseoperator.py:1296 AirflowProviderDeprecationWarning: Call to deprecated class PostgresOperator. (Please use `***.providers.common.sql.operators.sql.SQLExecuteQueryOperator`.Also, you can provide `hook_params={'schema': <database>}`.)
[2025-12-11T10:15:46.928+0000] {taskinstance.py:3498} INFO - 0 downstream tasks scheduled from follow-on schedule check
[2025-12-11T10:15:46.934+0000] {local_task_job_runner.py:222} INFO - ::endgroup::
